{"/Users/das/Desktop/CodeSmith/Weight Tracker/src/context.js": {"path":"/Users/das/Desktop/CodeSmith/Weight Tracker/src/context.js","statementMap":{"0":{"start":{"line":4,"column":27},"end":{"line":4,"column":44}},"1":{"start":{"line":5,"column":31},"end":{"line":5,"column":48}},"2":{"start":{"line":6,"column":28},"end":{"line":6,"column":45}},"3":{"start":{"line":7,"column":31},"end":{"line":7,"column":48}}},"fnMap":{},"branchMap":{},"s":{"0":2,"1":2,"2":2,"3":2},"f":{},"b":{},"_coverageSchema":"1a1c01bbd47fc00a2c39e90264f33305004495a9","hash":"ac58ebea2cb33ea1db6caa7fbc31426a922b586c"}
,"/Users/das/Desktop/CodeSmith/Weight Tracker/src/index.js": {"path":"/Users/das/Desktop/CodeSmith/Weight Tracker/src/index.js","statementMap":{"0":{"start":{"line":14,"column":13},"end":{"line":14,"column":65}},"1":{"start":{"line":15,"column":0},"end":{"line":17,"column":1}}},"fnMap":{},"branchMap":{},"s":{"0":0,"1":0},"f":{},"b":{}}
,"/Users/das/Desktop/CodeSmith/Weight Tracker/src/components/App2.jsx": {"path":"/Users/das/Desktop/CodeSmith/Weight Tracker/src/components/App2.jsx","statementMap":{"0":{"start":{"line":13,"column":15},"end":{"line":25,"column":1}},"1":{"start":{"line":27,"column":12},"end":{"line":45,"column":1}},"2":{"start":{"line":28,"column":32},"end":{"line":28,"column":46}},"3":{"start":{"line":29,"column":34},"end":{"line":29,"column":48}},"4":{"start":{"line":30,"column":36},"end":{"line":30,"column":50}},"5":{"start":{"line":31,"column":34},"end":{"line":31,"column":49}},"6":{"start":{"line":33,"column":2},"end":{"line":44,"column":4}}},"fnMap":{"0":{"name":"(anonymous_0)","decl":{"start":{"line":27,"column":12},"end":{"line":27,"column":13}},"loc":{"start":{"line":27,"column":17},"end":{"line":45,"column":1}},"line":27}},"branchMap":{},"s":{"0":0,"1":0,"2":0,"3":0,"4":0,"5":0,"6":0},"f":{"0":0},"b":{}}
,"/Users/das/Desktop/CodeSmith/Weight Tracker/src/components/BMI.jsx": {"path":"/Users/das/Desktop/CodeSmith/Weight Tracker/src/components/BMI.jsx","statementMap":{"0":{"start":{"line":6,"column":19},"end":{"line":57,"column":1}},"1":{"start":{"line":8,"column":36},"end":{"line":8,"column":63}},"2":{"start":{"line":10,"column":16},"end":{"line":10,"column":64}},"3":{"start":{"line":16,"column":2},"end":{"line":38,"column":3}},"4":{"start":{"line":19,"column":4},"end":{"line":37,"column":5}},"5":{"start":{"line":20,"column":6},"end":{"line":20,"column":115}},"6":{"start":{"line":22,"column":6},"end":{"line":22,"column":106}},"7":{"start":{"line":26,"column":6},"end":{"line":36,"column":7}},"8":{"start":{"line":27,"column":8},"end":{"line":27,"column":57}},"9":{"start":{"line":28,"column":13},"end":{"line":36,"column":7}},"10":{"start":{"line":29,"column":8},"end":{"line":29,"column":58}},"11":{"start":{"line":31,"column":11},"end":{"line":36,"column":7}},"12":{"start":{"line":32,"column":8},"end":{"line":32,"column":59}},"13":{"start":{"line":34,"column":11},"end":{"line":36,"column":7}},"14":{"start":{"line":35,"column":8},"end":{"line":35,"column":56}},"15":{"start":{"line":40,"column":2},"end":{"line":56,"column":3}}},"fnMap":{"0":{"name":"(anonymous_0)","decl":{"start":{"line":6,"column":19},"end":{"line":6,"column":20}},"loc":{"start":{"line":6,"column":40},"end":{"line":57,"column":1}},"line":6}},"branchMap":{"0":{"loc":{"start":{"line":16,"column":2},"end":{"line":38,"column":3}},"type":"if","locations":[{"start":{"line":16,"column":2},"end":{"line":38,"column":3}},{"start":{},"end":{}}],"line":16},"1":{"loc":{"start":{"line":19,"column":4},"end":{"line":37,"column":5}},"type":"if","locations":[{"start":{"line":19,"column":4},"end":{"line":37,"column":5}},{"start":{"line":21,"column":11},"end":{"line":37,"column":5}}],"line":19},"2":{"loc":{"start":{"line":26,"column":6},"end":{"line":36,"column":7}},"type":"if","locations":[{"start":{"line":26,"column":6},"end":{"line":36,"column":7}},{"start":{"line":28,"column":13},"end":{"line":36,"column":7}}],"line":26},"3":{"loc":{"start":{"line":28,"column":13},"end":{"line":36,"column":7}},"type":"if","locations":[{"start":{"line":28,"column":13},"end":{"line":36,"column":7}},{"start":{"line":31,"column":11},"end":{"line":36,"column":7}}],"line":28},"4":{"loc":{"start":{"line":28,"column":17},"end":{"line":28,"column":40}},"type":"binary-expr","locations":[{"start":{"line":28,"column":17},"end":{"line":28,"column":28}},{"start":{"line":28,"column":32},"end":{"line":28,"column":40}}],"line":28},"5":{"loc":{"start":{"line":31,"column":11},"end":{"line":36,"column":7}},"type":"if","locations":[{"start":{"line":31,"column":11},"end":{"line":36,"column":7}},{"start":{"line":34,"column":11},"end":{"line":36,"column":7}}],"line":31},"6":{"loc":{"start":{"line":31,"column":15},"end":{"line":31,"column":36}},"type":"binary-expr","locations":[{"start":{"line":31,"column":15},"end":{"line":31,"column":24}},{"start":{"line":31,"column":28},"end":{"line":31,"column":36}}],"line":31},"7":{"loc":{"start":{"line":34,"column":11},"end":{"line":36,"column":7}},"type":"if","locations":[{"start":{"line":34,"column":11},"end":{"line":36,"column":7}},{"start":{},"end":{}}],"line":34}},"s":{"0":0,"1":0,"2":0,"3":0,"4":0,"5":0,"6":0,"7":0,"8":0,"9":0,"10":0,"11":0,"12":0,"13":0,"14":0,"15":0},"f":{"0":0},"b":{"0":[0,0],"1":[0,0],"2":[0,0],"3":[0,0],"4":[0,0],"5":[0,0],"6":[0,0],"7":[0,0]}}
,"/Users/das/Desktop/CodeSmith/Weight Tracker/src/components/Chart2.jsx": {"path":"/Users/das/Desktop/CodeSmith/Weight Tracker/src/components/Chart2.jsx","statementMap":{"0":{"start":{"line":7,"column":17},"end":{"line":67,"column":1}},"1":{"start":{"line":10,"column":36},"end":{"line":10,"column":63}},"2":{"start":{"line":11,"column":15},"end":{"line":11,"column":97}},"3":{"start":{"line":11,"column":45},"end":{"line":11,"column":96}},"4":{"start":{"line":13,"column":24},"end":{"line":13,"column":71}},"5":{"start":{"line":13,"column":54},"end":{"line":13,"column":70}},"6":{"start":{"line":15,"column":20},"end":{"line":23,"column":3}},"7":{"start":{"line":25,"column":2},"end":{"line":66,"column":4}}},"fnMap":{"0":{"name":"(anonymous_0)","decl":{"start":{"line":7,"column":17},"end":{"line":7,"column":18}},"loc":{"start":{"line":7,"column":36},"end":{"line":67,"column":1}},"line":7},"1":{"name":"(anonymous_1)","decl":{"start":{"line":11,"column":32},"end":{"line":11,"column":33}},"loc":{"start":{"line":11,"column":45},"end":{"line":11,"column":96}},"line":11},"2":{"name":"(anonymous_2)","decl":{"start":{"line":13,"column":41},"end":{"line":13,"column":42}},"loc":{"start":{"line":13,"column":54},"end":{"line":13,"column":70}},"line":13}},"branchMap":{},"s":{"0":0,"1":0,"2":0,"3":0,"4":0,"5":0,"6":0,"7":0},"f":{"0":0,"1":0,"2":0},"b":{}}
,"/Users/das/Desktop/CodeSmith/Weight Tracker/src/components/Contact.jsx": {"path":"/Users/das/Desktop/CodeSmith/Weight Tracker/src/components/Contact.jsx","statementMap":{"0":{"start":{"line":3,"column":23},"end":{"line":12,"column":1}},"1":{"start":{"line":5,"column":2},"end":{"line":11,"column":3}}},"fnMap":{"0":{"name":"(anonymous_0)","decl":{"start":{"line":3,"column":23},"end":{"line":3,"column":24}},"loc":{"start":{"line":3,"column":29},"end":{"line":12,"column":1}},"line":3}},"branchMap":{},"s":{"0":0,"1":0},"f":{"0":0},"b":{}}
,"/Users/das/Desktop/CodeSmith/Weight Tracker/src/components/Dashboard.jsx": {"path":"/Users/das/Desktop/CodeSmith/Weight Tracker/src/components/Dashboard.jsx","statementMap":{"0":{"start":{"line":10,"column":18},"end":{"line":112,"column":1}},"1":{"start":{"line":11,"column":40},"end":{"line":11,"column":52}},"2":{"start":{"line":12,"column":40},"end":{"line":12,"column":50}},"3":{"start":{"line":13,"column":32},"end":{"line":13,"column":55}},"4":{"start":{"line":14,"column":36},"end":{"line":14,"column":63}},"5":{"start":{"line":16,"column":19},"end":{"line":19,"column":3}},"6":{"start":{"line":17,"column":18},"end":{"line":17,"column":32}},"7":{"start":{"line":18,"column":4},"end":{"line":18,"column":26}},"8":{"start":{"line":21,"column":22},"end":{"line":35,"column":3}},"9":{"start":{"line":22,"column":4},"end":{"line":34,"column":5}},"10":{"start":{"line":23,"column":6},"end":{"line":33,"column":65}},"11":{"start":{"line":28,"column":20},"end":{"line":28,"column":31}},"12":{"start":{"line":30,"column":10},"end":{"line":30,"column":20}},"13":{"start":{"line":33,"column":20},"end":{"line":33,"column":63}},"14":{"start":{"line":37,"column":18},"end":{"line":52,"column":3}},"15":{"start":{"line":38,"column":4},"end":{"line":51,"column":64}},"16":{"start":{"line":43,"column":18},"end":{"line":43,"column":29}},"17":{"start":{"line":47,"column":30},"end":{"line":47,"column":74}},"18":{"start":{"line":47,"column":64},"end":{"line":47,"column":73}},"19":{"start":{"line":48,"column":8},"end":{"line":48,"column":38}},"20":{"start":{"line":49,"column":8},"end":{"line":49,"column":34}},"21":{"start":{"line":51,"column":18},"end":{"line":51,"column":62}},"22":{"start":{"line":54,"column":24},"end":{"line":67,"column":5}},"23":{"start":{"line":56,"column":4},"end":{"line":66,"column":63}},"24":{"start":{"line":61,"column":20},"end":{"line":61,"column":31}},"25":{"start":{"line":63,"column":8},"end":{"line":63,"column":18}},"26":{"start":{"line":66,"column":18},"end":{"line":66,"column":61}},"27":{"start":{"line":69,"column":2},"end":{"line":71,"column":9}},"28":{"start":{"line":70,"column":4},"end":{"line":70,"column":14}},"29":{"start":{"line":74,"column":2},"end":{"line":111,"column":4}}},"fnMap":{"0":{"name":"(anonymous_0)","decl":{"start":{"line":10,"column":18},"end":{"line":10,"column":19}},"loc":{"start":{"line":10,"column":24},"end":{"line":112,"column":1}},"line":10},"1":{"name":"(anonymous_1)","decl":{"start":{"line":16,"column":19},"end":{"line":16,"column":20}},"loc":{"start":{"line":16,"column":26},"end":{"line":19,"column":3}},"line":16},"2":{"name":"(anonymous_2)","decl":{"start":{"line":21,"column":22},"end":{"line":21,"column":23}},"loc":{"start":{"line":21,"column":28},"end":{"line":35,"column":3}},"line":21},"3":{"name":"(anonymous_3)","decl":{"start":{"line":28,"column":12},"end":{"line":28,"column":13}},"loc":{"start":{"line":28,"column":20},"end":{"line":28,"column":31}},"line":28},"4":{"name":"(anonymous_4)","decl":{"start":{"line":29,"column":14},"end":{"line":29,"column":15}},"loc":{"start":{"line":29,"column":22},"end":{"line":32,"column":9}},"line":29},"5":{"name":"(anonymous_5)","decl":{"start":{"line":33,"column":13},"end":{"line":33,"column":14}},"loc":{"start":{"line":33,"column":20},"end":{"line":33,"column":63}},"line":33},"6":{"name":"(anonymous_6)","decl":{"start":{"line":37,"column":18},"end":{"line":37,"column":19}},"loc":{"start":{"line":37,"column":30},"end":{"line":52,"column":3}},"line":37},"7":{"name":"(anonymous_7)","decl":{"start":{"line":43,"column":10},"end":{"line":43,"column":11}},"loc":{"start":{"line":43,"column":18},"end":{"line":43,"column":29}},"line":43},"8":{"name":"(anonymous_8)","decl":{"start":{"line":44,"column":12},"end":{"line":44,"column":13}},"loc":{"start":{"line":44,"column":20},"end":{"line":50,"column":5}},"line":44},"9":{"name":"(anonymous_9)","decl":{"start":{"line":47,"column":57},"end":{"line":47,"column":58}},"loc":{"start":{"line":47,"column":64},"end":{"line":47,"column":73}},"line":47},"10":{"name":"(anonymous_10)","decl":{"start":{"line":51,"column":11},"end":{"line":51,"column":12}},"loc":{"start":{"line":51,"column":18},"end":{"line":51,"column":62}},"line":51},"11":{"name":"(anonymous_11)","decl":{"start":{"line":54,"column":24},"end":{"line":54,"column":25}},"loc":{"start":{"line":54,"column":38},"end":{"line":67,"column":5}},"line":54},"12":{"name":"(anonymous_12)","decl":{"start":{"line":61,"column":12},"end":{"line":61,"column":13}},"loc":{"start":{"line":61,"column":20},"end":{"line":61,"column":31}},"line":61},"13":{"name":"(anonymous_13)","decl":{"start":{"line":62,"column":12},"end":{"line":62,"column":13}},"loc":{"start":{"line":62,"column":20},"end":{"line":65,"column":5}},"line":62},"14":{"name":"(anonymous_14)","decl":{"start":{"line":66,"column":11},"end":{"line":66,"column":12}},"loc":{"start":{"line":66,"column":18},"end":{"line":66,"column":61}},"line":66},"15":{"name":"(anonymous_15)","decl":{"start":{"line":69,"column":12},"end":{"line":69,"column":13}},"loc":{"start":{"line":69,"column":18},"end":{"line":71,"column":3}},"line":69}},"branchMap":{"0":{"loc":{"start":{"line":22,"column":4},"end":{"line":34,"column":5}},"type":"if","locations":[{"start":{"line":22,"column":4},"end":{"line":34,"column":5}},{"start":{},"end":{}}],"line":22}},"s":{"0":0,"1":0,"2":0,"3":0,"4":0,"5":0,"6":0,"7":0,"8":0,"9":0,"10":0,"11":0,"12":0,"13":0,"14":0,"15":0,"16":0,"17":0,"18":0,"19":0,"20":0,"21":0,"22":0,"23":0,"24":0,"25":0,"26":0,"27":0,"28":0,"29":0},"f":{"0":0,"1":0,"2":0,"3":0,"4":0,"5":0,"6":0,"7":0,"8":0,"9":0,"10":0,"11":0,"12":0,"13":0,"14":0,"15":0},"b":{"0":[0,0]}}
,"/Users/das/Desktop/CodeSmith/Weight Tracker/src/components/Goal.jsx": {"path":"/Users/das/Desktop/CodeSmith/Weight Tracker/src/components/Goal.jsx","statementMap":{"0":{"start":{"line":5,"column":20},"end":{"line":114,"column":1}},"1":{"start":{"line":7,"column":36},"end":{"line":7,"column":63}},"2":{"start":{"line":8,"column":32},"end":{"line":8,"column":55}},"3":{"start":{"line":10,"column":36},"end":{"line":10,"column":51}},"4":{"start":{"line":11,"column":36},"end":{"line":11,"column":51}},"5":{"start":{"line":12,"column":32},"end":{"line":12,"column":44}},"6":{"start":{"line":24,"column":19},"end":{"line":27,"column":3}},"7":{"start":{"line":25,"column":18},"end":{"line":25,"column":32}},"8":{"start":{"line":26,"column":4},"end":{"line":26,"column":22}},"9":{"start":{"line":29,"column":26},"end":{"line":31,"column":3}},"10":{"start":{"line":30,"column":4},"end":{"line":30,"column":28}},"11":{"start":{"line":37,"column":21},"end":{"line":54,"column":3}},"12":{"start":{"line":39,"column":4},"end":{"line":39,"column":21}},"13":{"start":{"line":41,"column":4},"end":{"line":53,"column":5}},"14":{"start":{"line":42,"column":6},"end":{"line":52,"column":65}},"15":{"start":{"line":47,"column":20},"end":{"line":47,"column":31}},"16":{"start":{"line":49,"column":8},"end":{"line":49,"column":18}},"17":{"start":{"line":52,"column":20},"end":{"line":52,"column":63}},"18":{"start":{"line":56,"column":2},"end":{"line":88,"column":3}},"19":{"start":{"line":57,"column":4},"end":{"line":57,"column":36}},"20":{"start":{"line":58,"column":4},"end":{"line":58,"column":31}},"21":{"start":{"line":59,"column":4},"end":{"line":59,"column":65}},"22":{"start":{"line":60,"column":4},"end":{"line":60,"column":63}},"23":{"start":{"line":61,"column":4},"end":{"line":61,"column":59}},"24":{"start":{"line":79,"column":8},"end":{"line":86,"column":32}},"25":{"start":{"line":90,"column":2},"end":{"line":113,"column":3}}},"fnMap":{"0":{"name":"(anonymous_0)","decl":{"start":{"line":5,"column":20},"end":{"line":5,"column":21}},"loc":{"start":{"line":5,"column":50},"end":{"line":114,"column":1}},"line":5},"1":{"name":"(anonymous_1)","decl":{"start":{"line":24,"column":19},"end":{"line":24,"column":20}},"loc":{"start":{"line":24,"column":26},"end":{"line":27,"column":3}},"line":24},"2":{"name":"(anonymous_2)","decl":{"start":{"line":29,"column":26},"end":{"line":29,"column":27}},"loc":{"start":{"line":29,"column":32},"end":{"line":31,"column":3}},"line":29},"3":{"name":"(anonymous_3)","decl":{"start":{"line":37,"column":21},"end":{"line":37,"column":22}},"loc":{"start":{"line":37,"column":27},"end":{"line":54,"column":3}},"line":37},"4":{"name":"(anonymous_4)","decl":{"start":{"line":47,"column":12},"end":{"line":47,"column":13}},"loc":{"start":{"line":47,"column":20},"end":{"line":47,"column":31}},"line":47},"5":{"name":"(anonymous_5)","decl":{"start":{"line":48,"column":12},"end":{"line":48,"column":13}},"loc":{"start":{"line":48,"column":20},"end":{"line":51,"column":7}},"line":48},"6":{"name":"(anonymous_6)","decl":{"start":{"line":52,"column":13},"end":{"line":52,"column":14}},"loc":{"start":{"line":52,"column":20},"end":{"line":52,"column":63}},"line":52}},"branchMap":{"0":{"loc":{"start":{"line":41,"column":4},"end":{"line":53,"column":5}},"type":"if","locations":[{"start":{"line":41,"column":4},"end":{"line":53,"column":5}},{"start":{},"end":{}}],"line":41},"1":{"loc":{"start":{"line":56,"column":2},"end":{"line":88,"column":3}},"type":"if","locations":[{"start":{"line":56,"column":2},"end":{"line":88,"column":3}},{"start":{},"end":{}}],"line":56},"2":{"loc":{"start":{"line":81,"column":31},"end":{"line":81,"column":264}},"type":"cond-expr","locations":[{"start":{"line":81,"column":64},"end":{"line":81,"column":157}},{"start":{"line":81,"column":160},"end":{"line":81,"column":264}}],"line":81},"3":{"loc":{"start":{"line":84,"column":31},"end":{"line":84,"column":233}},"type":"cond-expr","locations":[{"start":{"line":84,"column":65},"end":{"line":84,"column":150}},{"start":{"line":84,"column":153},"end":{"line":84,"column":233}}],"line":84},"4":{"loc":{"start":{"line":97,"column":11},"end":{"line":109,"column":11}},"type":"binary-expr","locations":[{"start":{"line":97,"column":11},"end":{"line":97,"column":20}},{"start":{"line":98,"column":12},"end":{"line":108,"column":18}}],"line":97}},"s":{"0":0,"1":0,"2":0,"3":0,"4":0,"5":0,"6":0,"7":0,"8":0,"9":0,"10":0,"11":0,"12":0,"13":0,"14":0,"15":0,"16":0,"17":0,"18":0,"19":0,"20":0,"21":0,"22":0,"23":0,"24":0,"25":0},"f":{"0":0,"1":0,"2":0,"3":0,"4":0,"5":0,"6":0},"b":{"0":[0,0],"1":[0,0],"2":[0,0],"3":[0,0],"4":[0,0]}}
,"/Users/das/Desktop/CodeSmith/Weight Tracker/src/components/Google.jsx": {"path":"/Users/das/Desktop/CodeSmith/Weight Tracker/src/components/Google.jsx","statementMap":{"0":{"start":{"line":7,"column":22},"end":{"line":72,"column":1}},"1":{"start":{"line":9,"column":19},"end":{"line":9,"column":32}},"2":{"start":{"line":10,"column":34},"end":{"line":10,"column":46}},"3":{"start":{"line":11,"column":34},"end":{"line":11,"column":46}},"4":{"start":{"line":12,"column":32},"end":{"line":12,"column":55}},"5":{"start":{"line":13,"column":38},"end":{"line":13,"column":62}},"6":{"start":{"line":14,"column":36},"end":{"line":14,"column":63}},"7":{"start":{"line":16,"column":21},"end":{"line":31,"column":3}},"8":{"start":{"line":17,"column":6},"end":{"line":30,"column":56}},"9":{"start":{"line":22,"column":20},"end":{"line":22,"column":31}},"10":{"start":{"line":24,"column":8},"end":{"line":28,"column":9}},"11":{"start":{"line":25,"column":10},"end":{"line":25,"column":29}},"12":{"start":{"line":27,"column":10},"end":{"line":27,"column":32}},"13":{"start":{"line":30,"column":20},"end":{"line":30,"column":54}},"14":{"start":{"line":33,"column":2},"end":{"line":38,"column":3}},"15":{"start":{"line":34,"column":21},"end":{"line":34,"column":29}},"16":{"start":{"line":35,"column":21},"end":{"line":35,"column":29}},"17":{"start":{"line":37,"column":4},"end":{"line":37,"column":34}},"18":{"start":{"line":40,"column":2},"end":{"line":50,"column":4}},"19":{"start":{"line":42,"column":4},"end":{"line":46,"column":5}},"20":{"start":{"line":44,"column":6},"end":{"line":44,"column":29}},"21":{"start":{"line":45,"column":6},"end":{"line":45,"column":36}},"22":{"start":{"line":47,"column":4},"end":{"line":49,"column":5}},"23":{"start":{"line":48,"column":6},"end":{"line":48,"column":33}},"24":{"start":{"line":52,"column":2},"end":{"line":71,"column":4}},"25":{"start":{"line":58,"column":28},"end":{"line":58,"column":69}},"26":{"start":{"line":60,"column":12},"end":{"line":60,"column":38}},"27":{"start":{"line":61,"column":12},"end":{"line":61,"column":37}},"28":{"start":{"line":64,"column":12},"end":{"line":64,"column":40}}},"fnMap":{"0":{"name":"(anonymous_0)","decl":{"start":{"line":7,"column":22},"end":{"line":7,"column":23}},"loc":{"start":{"line":7,"column":28},"end":{"line":72,"column":1}},"line":7},"1":{"name":"(anonymous_1)","decl":{"start":{"line":16,"column":21},"end":{"line":16,"column":22}},"loc":{"start":{"line":16,"column":50},"end":{"line":31,"column":3}},"line":16},"2":{"name":"(anonymous_2)","decl":{"start":{"line":22,"column":12},"end":{"line":22,"column":13}},"loc":{"start":{"line":22,"column":20},"end":{"line":22,"column":31}},"line":22},"3":{"name":"(anonymous_3)","decl":{"start":{"line":23,"column":14},"end":{"line":23,"column":15}},"loc":{"start":{"line":23,"column":22},"end":{"line":29,"column":7}},"line":23},"4":{"name":"(anonymous_4)","decl":{"start":{"line":30,"column":13},"end":{"line":30,"column":14}},"loc":{"start":{"line":30,"column":20},"end":{"line":30,"column":54}},"line":30},"5":{"name":"(anonymous_5)","decl":{"start":{"line":40,"column":12},"end":{"line":40,"column":13}},"loc":{"start":{"line":40,"column":18},"end":{"line":50,"column":3}},"line":40},"6":{"name":"(anonymous_6)","decl":{"start":{"line":57,"column":21},"end":{"line":57,"column":22}},"loc":{"start":{"line":57,"column":43},"end":{"line":62,"column":11}},"line":57},"7":{"name":"(anonymous_7)","decl":{"start":{"line":63,"column":19},"end":{"line":63,"column":20}},"loc":{"start":{"line":63,"column":25},"end":{"line":65,"column":11}},"line":63}},"branchMap":{"0":{"loc":{"start":{"line":24,"column":8},"end":{"line":28,"column":9}},"type":"if","locations":[{"start":{"line":24,"column":8},"end":{"line":28,"column":9}},{"start":{"line":26,"column":15},"end":{"line":28,"column":9}}],"line":24},"1":{"loc":{"start":{"line":33,"column":2},"end":{"line":38,"column":3}},"type":"if","locations":[{"start":{"line":33,"column":2},"end":{"line":38,"column":3}},{"start":{},"end":{}}],"line":33},"2":{"loc":{"start":{"line":33,"column":6},"end":{"line":33,"column":36}},"type":"binary-expr","locations":[{"start":{"line":33,"column":6},"end":{"line":33,"column":19}},{"start":{"line":33,"column":23},"end":{"line":33,"column":36}}],"line":33},"3":{"loc":{"start":{"line":42,"column":4},"end":{"line":46,"column":5}},"type":"if","locations":[{"start":{"line":42,"column":4},"end":{"line":46,"column":5}},{"start":{},"end":{}}],"line":42},"4":{"loc":{"start":{"line":47,"column":4},"end":{"line":49,"column":5}},"type":"if","locations":[{"start":{"line":47,"column":4},"end":{"line":49,"column":5}},{"start":{},"end":{}}],"line":47}},"s":{"0":1,"1":1,"2":1,"3":1,"4":1,"5":1,"6":1,"7":1,"8":0,"9":0,"10":0,"11":0,"12":0,"13":0,"14":1,"15":0,"16":0,"17":0,"18":1,"19":1,"20":0,"21":0,"22":1,"23":0,"24":1,"25":0,"26":0,"27":0,"28":0},"f":{"0":1,"1":0,"2":0,"3":0,"4":0,"5":1,"6":0,"7":0},"b":{"0":[0,0],"1":[0,1],"2":[1,0],"3":[0,1],"4":[0,1]},"_coverageSchema":"1a1c01bbd47fc00a2c39e90264f33305004495a9","hash":"5453de421860ab6f4c731fa221cbdb30b65d8f93"}
,"/Users/das/Desktop/CodeSmith/Weight Tracker/src/components/InfoModal.jsx": {"path":"/Users/das/Desktop/CodeSmith/Weight Tracker/src/components/InfoModal.jsx","statementMap":{"0":{"start":{"line":6,"column":25},"end":{"line":122,"column":1}},"1":{"start":{"line":10,"column":36},"end":{"line":10,"column":63}},"2":{"start":{"line":11,"column":30},"end":{"line":11,"column":42}},"3":{"start":{"line":12,"column":30},"end":{"line":12,"column":42}},"4":{"start":{"line":13,"column":30},"end":{"line":13,"column":42}},"5":{"start":{"line":14,"column":26},"end":{"line":14,"column":38}},"6":{"start":{"line":16,"column":25},"end":{"line":16,"column":71}},"7":{"start":{"line":16,"column":58},"end":{"line":16,"column":67}},"8":{"start":{"line":19,"column":23},"end":{"line":25,"column":3}},"9":{"start":{"line":27,"column":26},"end":{"line":29,"column":3}},"10":{"start":{"line":28,"column":4},"end":{"line":28,"column":28}},"11":{"start":{"line":31,"column":40},"end":{"line":44,"column":3}},"12":{"start":{"line":32,"column":4},"end":{"line":43,"column":55}},"13":{"start":{"line":37,"column":18},"end":{"line":37,"column":29}},"14":{"start":{"line":41,"column":6},"end":{"line":41,"column":50}},"15":{"start":{"line":43,"column":18},"end":{"line":43,"column":53}},"16":{"start":{"line":46,"column":21},"end":{"line":69,"column":3}},"17":{"start":{"line":48,"column":4},"end":{"line":48,"column":21}},"18":{"start":{"line":50,"column":4},"end":{"line":68,"column":5}},"19":{"start":{"line":51,"column":6},"end":{"line":51,"column":55}},"20":{"start":{"line":53,"column":6},"end":{"line":67,"column":59}},"21":{"start":{"line":58,"column":22},"end":{"line":58,"column":33}},"22":{"start":{"line":62,"column":10},"end":{"line":62,"column":34}},"23":{"start":{"line":63,"column":10},"end":{"line":63,"column":31}},"24":{"start":{"line":64,"column":10},"end":{"line":64,"column":41}},"25":{"start":{"line":65,"column":10},"end":{"line":65,"column":19}},"26":{"start":{"line":67,"column":22},"end":{"line":67,"column":57}},"27":{"start":{"line":71,"column":2},"end":{"line":73,"column":17}},"28":{"start":{"line":72,"column":4},"end":{"line":72,"column":25}},"29":{"start":{"line":75,"column":2},"end":{"line":121,"column":3}},"30":{"start":{"line":88,"column":83},"end":{"line":88,"column":108}},"31":{"start":{"line":99,"column":79},"end":{"line":99,"column":104}},"32":{"start":{"line":104,"column":79},"end":{"line":104,"column":104}}},"fnMap":{"0":{"name":"(anonymous_0)","decl":{"start":{"line":6,"column":25},"end":{"line":6,"column":26}},"loc":{"start":{"line":6,"column":86},"end":{"line":122,"column":1}},"line":6},"1":{"name":"(anonymous_1)","decl":{"start":{"line":16,"column":51},"end":{"line":16,"column":52}},"loc":{"start":{"line":16,"column":58},"end":{"line":16,"column":67}},"line":16},"2":{"name":"(anonymous_2)","decl":{"start":{"line":27,"column":26},"end":{"line":27,"column":27}},"loc":{"start":{"line":27,"column":32},"end":{"line":29,"column":3}},"line":27},"3":{"name":"(anonymous_3)","decl":{"start":{"line":31,"column":40},"end":{"line":31,"column":41}},"loc":{"start":{"line":31,"column":46},"end":{"line":44,"column":3}},"line":31},"4":{"name":"(anonymous_4)","decl":{"start":{"line":37,"column":10},"end":{"line":37,"column":11}},"loc":{"start":{"line":37,"column":18},"end":{"line":37,"column":29}},"line":37},"5":{"name":"(anonymous_5)","decl":{"start":{"line":38,"column":10},"end":{"line":38,"column":11}},"loc":{"start":{"line":38,"column":18},"end":{"line":42,"column":5}},"line":38},"6":{"name":"(anonymous_6)","decl":{"start":{"line":43,"column":11},"end":{"line":43,"column":12}},"loc":{"start":{"line":43,"column":18},"end":{"line":43,"column":53}},"line":43},"7":{"name":"(anonymous_7)","decl":{"start":{"line":46,"column":21},"end":{"line":46,"column":22}},"loc":{"start":{"line":46,"column":27},"end":{"line":69,"column":3}},"line":46},"8":{"name":"(anonymous_8)","decl":{"start":{"line":58,"column":14},"end":{"line":58,"column":15}},"loc":{"start":{"line":58,"column":22},"end":{"line":58,"column":33}},"line":58},"9":{"name":"(anonymous_9)","decl":{"start":{"line":59,"column":14},"end":{"line":59,"column":15}},"loc":{"start":{"line":59,"column":22},"end":{"line":66,"column":9}},"line":59},"10":{"name":"(anonymous_10)","decl":{"start":{"line":67,"column":15},"end":{"line":67,"column":16}},"loc":{"start":{"line":67,"column":22},"end":{"line":67,"column":57}},"line":67},"11":{"name":"(anonymous_11)","decl":{"start":{"line":71,"column":12},"end":{"line":71,"column":13}},"loc":{"start":{"line":71,"column":18},"end":{"line":73,"column":3}},"line":71},"12":{"name":"(anonymous_12)","decl":{"start":{"line":88,"column":76},"end":{"line":88,"column":77}},"loc":{"start":{"line":88,"column":83},"end":{"line":88,"column":108}},"line":88},"13":{"name":"(anonymous_13)","decl":{"start":{"line":99,"column":74},"end":{"line":99,"column":75}},"loc":{"start":{"line":99,"column":79},"end":{"line":99,"column":104}},"line":99},"14":{"name":"(anonymous_14)","decl":{"start":{"line":104,"column":74},"end":{"line":104,"column":75}},"loc":{"start":{"line":104,"column":79},"end":{"line":104,"column":104}},"line":104}},"branchMap":{"0":{"loc":{"start":{"line":50,"column":4},"end":{"line":68,"column":5}},"type":"if","locations":[{"start":{"line":50,"column":4},"end":{"line":68,"column":5}},{"start":{"line":52,"column":11},"end":{"line":68,"column":5}}],"line":50},"1":{"loc":{"start":{"line":50,"column":8},"end":{"line":50,"column":55}},"type":"binary-expr","locations":[{"start":{"line":50,"column":8},"end":{"line":50,"column":21}},{"start":{"line":50,"column":25},"end":{"line":50,"column":38}},{"start":{"line":50,"column":42},"end":{"line":50,"column":55}}],"line":50}},"s":{"0":0,"1":0,"2":0,"3":0,"4":0,"5":0,"6":0,"7":0,"8":0,"9":0,"10":0,"11":0,"12":0,"13":0,"14":0,"15":0,"16":0,"17":0,"18":0,"19":0,"20":0,"21":0,"22":0,"23":0,"24":0,"25":0,"26":0,"27":0,"28":0,"29":0,"30":0,"31":0,"32":0},"f":{"0":0,"1":0,"2":0,"3":0,"4":0,"5":0,"6":0,"7":0,"8":0,"9":0,"10":0,"11":0,"12":0,"13":0,"14":0},"b":{"0":[0,0],"1":[0,0,0]}}
,"/Users/das/Desktop/CodeSmith/Weight Tracker/src/components/Login.jsx": {"path":"/Users/das/Desktop/CodeSmith/Weight Tracker/src/components/Login.jsx","statementMap":{"0":{"start":{"line":8,"column":21},"end":{"line":74,"column":1}},"1":{"start":{"line":9,"column":19},"end":{"line":9,"column":32}},"2":{"start":{"line":10,"column":34},"end":{"line":10,"column":46}},"3":{"start":{"line":11,"column":34},"end":{"line":11,"column":46}},"4":{"start":{"line":12,"column":32},"end":{"line":12,"column":55}},"5":{"start":{"line":13,"column":36},"end":{"line":13,"column":63}},"6":{"start":{"line":15,"column":2},"end":{"line":22,"column":4}},"7":{"start":{"line":17,"column":4},"end":{"line":21,"column":6}},"8":{"start":{"line":19,"column":6},"end":{"line":19,"column":28}},"9":{"start":{"line":20,"column":6},"end":{"line":20,"column":36}},"10":{"start":{"line":24,"column":20},"end":{"line":42,"column":3}},"11":{"start":{"line":25,"column":4},"end":{"line":41,"column":51}},"12":{"start":{"line":31,"column":18},"end":{"line":31,"column":29}},"13":{"start":{"line":34,"column":6},"end":{"line":39,"column":8}},"14":{"start":{"line":36,"column":8},"end":{"line":36,"column":26}},"15":{"start":{"line":38,"column":8},"end":{"line":38,"column":26}},"16":{"start":{"line":41,"column":16},"end":{"line":41,"column":50}},"17":{"start":{"line":44,"column":23},"end":{"line":47,"column":3}},"18":{"start":{"line":45,"column":4},"end":{"line":45,"column":23}},"19":{"start":{"line":46,"column":4},"end":{"line":46,"column":16}},"20":{"start":{"line":49,"column":2},"end":{"line":73,"column":3}},"21":{"start":{"line":58,"column":70},"end":{"line":58,"column":97}},"22":{"start":{"line":62,"column":74},"end":{"line":62,"column":101}}},"fnMap":{"0":{"name":"(anonymous_0)","decl":{"start":{"line":8,"column":21},"end":{"line":8,"column":22}},"loc":{"start":{"line":8,"column":36},"end":{"line":74,"column":1}},"line":8},"1":{"name":"(anonymous_1)","decl":{"start":{"line":15,"column":12},"end":{"line":15,"column":13}},"loc":{"start":{"line":15,"column":18},"end":{"line":22,"column":3}},"line":15},"2":{"name":"(anonymous_2)","decl":{"start":{"line":24,"column":20},"end":{"line":24,"column":21}},"loc":{"start":{"line":24,"column":25},"end":{"line":42,"column":3}},"line":24},"3":{"name":"(anonymous_3)","decl":{"start":{"line":31,"column":10},"end":{"line":31,"column":11}},"loc":{"start":{"line":31,"column":18},"end":{"line":31,"column":29}},"line":31},"4":{"name":"(anonymous_4)","decl":{"start":{"line":32,"column":10},"end":{"line":32,"column":11}},"loc":{"start":{"line":32,"column":18},"end":{"line":40,"column":5}},"line":32},"5":{"name":"(anonymous_5)","decl":{"start":{"line":41,"column":11},"end":{"line":41,"column":12}},"loc":{"start":{"line":41,"column":16},"end":{"line":41,"column":50}},"line":41},"6":{"name":"(anonymous_6)","decl":{"start":{"line":44,"column":23},"end":{"line":44,"column":24}},"loc":{"start":{"line":44,"column":28},"end":{"line":47,"column":3}},"line":44},"7":{"name":"(anonymous_7)","decl":{"start":{"line":58,"column":65},"end":{"line":58,"column":66}},"loc":{"start":{"line":58,"column":70},"end":{"line":58,"column":97}},"line":58},"8":{"name":"(anonymous_8)","decl":{"start":{"line":62,"column":69},"end":{"line":62,"column":70}},"loc":{"start":{"line":62,"column":74},"end":{"line":62,"column":101}},"line":62}},"branchMap":{"0":{"loc":{"start":{"line":17,"column":4},"end":{"line":21,"column":6}},"type":"if","locations":[{"start":{"line":17,"column":4},"end":{"line":21,"column":6}},{"start":{},"end":{}}],"line":17},"1":{"loc":{"start":{"line":34,"column":6},"end":{"line":39,"column":8}},"type":"if","locations":[{"start":{"line":34,"column":6},"end":{"line":39,"column":8}},{"start":{"line":37,"column":13},"end":{"line":39,"column":8}}],"line":34}},"s":{"0":1,"1":1,"2":1,"3":1,"4":1,"5":1,"6":1,"7":1,"8":0,"9":0,"10":1,"11":0,"12":0,"13":0,"14":0,"15":0,"16":0,"17":1,"18":0,"19":0,"20":1,"21":0,"22":0},"f":{"0":1,"1":1,"2":0,"3":0,"4":0,"5":0,"6":0,"7":0,"8":0},"b":{"0":[0,1],"1":[0,0]},"_coverageSchema":"1a1c01bbd47fc00a2c39e90264f33305004495a9","hash":"6dba9de9c00553b3eefecd7eba3fbc17b54801e0"}
,"/Users/das/Desktop/CodeSmith/Weight Tracker/src/components/Privacy.jsx": {"path":"/Users/das/Desktop/CodeSmith/Weight Tracker/src/components/Privacy.jsx","statementMap":{"0":{"start":{"line":3,"column":23},"end":{"line":70,"column":1}},"1":{"start":{"line":5,"column":0},"end":{"line":69,"column":3}}},"fnMap":{"0":{"name":"(anonymous_0)","decl":{"start":{"line":3,"column":23},"end":{"line":3,"column":24}},"loc":{"start":{"line":3,"column":29},"end":{"line":70,"column":1}},"line":3}},"branchMap":{},"s":{"0":0,"1":0},"f":{"0":0},"b":{}}
,"/Users/das/Desktop/CodeSmith/Weight Tracker/src/components/Shared.jsx": {"path":"/Users/das/Desktop/CodeSmith/Weight Tracker/src/components/Shared.jsx","statementMap":{"0":{"start":{"line":6,"column":15},"end":{"line":82,"column":1}},"1":{"start":{"line":8,"column":36},"end":{"line":8,"column":49}},"2":{"start":{"line":9,"column":32},"end":{"line":9,"column":55}},"3":{"start":{"line":11,"column":36},"end":{"line":11,"column":63}},"4":{"start":{"line":12,"column":38},"end":{"line":12,"column":62}},"5":{"start":{"line":13,"column":36},"end":{"line":13,"column":63}},"6":{"start":{"line":14,"column":19},"end":{"line":14,"column":32}},"7":{"start":{"line":23,"column":17},"end":{"line":31,"column":3}},"8":{"start":{"line":24,"column":4},"end":{"line":24,"column":19}},"9":{"start":{"line":25,"column":4},"end":{"line":25,"column":21}},"10":{"start":{"line":26,"column":4},"end":{"line":26,"column":26}},"11":{"start":{"line":27,"column":4},"end":{"line":27,"column":22}},"12":{"start":{"line":28,"column":4},"end":{"line":30,"column":5}},"13":{"start":{"line":29,"column":6},"end":{"line":29,"column":26}},"14":{"start":{"line":33,"column":26},"end":{"line":35,"column":3}},"15":{"start":{"line":34,"column":4},"end":{"line":34,"column":34}},"16":{"start":{"line":37,"column":24},"end":{"line":40,"column":3}},"17":{"start":{"line":38,"column":4},"end":{"line":38,"column":22}},"18":{"start":{"line":39,"column":4},"end":{"line":39,"column":25}},"19":{"start":{"line":43,"column":2},"end":{"line":53,"column":3}},"20":{"start":{"line":44,"column":4},"end":{"line":44,"column":18}},"21":{"start":{"line":45,"column":9},"end":{"line":53,"column":3}},"22":{"start":{"line":46,"column":4},"end":{"line":46,"column":105}},"23":{"start":{"line":48,"column":9},"end":{"line":53,"column":3}},"24":{"start":{"line":49,"column":4},"end":{"line":49,"column":89}},"25":{"start":{"line":51,"column":8},"end":{"line":53,"column":3}},"26":{"start":{"line":52,"column":4},"end":{"line":52,"column":80}},"27":{"start":{"line":56,"column":2},"end":{"line":65,"column":5}},"28":{"start":{"line":57,"column":4},"end":{"line":60,"column":20}},"29":{"start":{"line":61,"column":9},"end":{"line":65,"column":5}},"30":{"start":{"line":62,"column":4},"end":{"line":62,"column":71}},"31":{"start":{"line":63,"column":9},"end":{"line":65,"column":5}},"32":{"start":{"line":64,"column":4},"end":{"line":64,"column":74}},"33":{"start":{"line":67,"column":2},"end":{"line":81,"column":3}}},"fnMap":{"0":{"name":"(anonymous_0)","decl":{"start":{"line":6,"column":15},"end":{"line":6,"column":16}},"loc":{"start":{"line":6,"column":21},"end":{"line":82,"column":1}},"line":6},"1":{"name":"(anonymous_1)","decl":{"start":{"line":23,"column":17},"end":{"line":23,"column":18}},"loc":{"start":{"line":23,"column":23},"end":{"line":31,"column":3}},"line":23},"2":{"name":"(anonymous_2)","decl":{"start":{"line":33,"column":26},"end":{"line":33,"column":27}},"loc":{"start":{"line":33,"column":32},"end":{"line":35,"column":3}},"line":33},"3":{"name":"(anonymous_3)","decl":{"start":{"line":37,"column":24},"end":{"line":37,"column":25}},"loc":{"start":{"line":37,"column":30},"end":{"line":40,"column":3}},"line":37}},"branchMap":{"0":{"loc":{"start":{"line":28,"column":4},"end":{"line":30,"column":5}},"type":"if","locations":[{"start":{"line":28,"column":4},"end":{"line":30,"column":5}},{"start":{},"end":{}}],"line":28},"1":{"loc":{"start":{"line":43,"column":2},"end":{"line":53,"column":3}},"type":"if","locations":[{"start":{"line":43,"column":2},"end":{"line":53,"column":3}},{"start":{"line":45,"column":9},"end":{"line":53,"column":3}}],"line":43},"2":{"loc":{"start":{"line":45,"column":9},"end":{"line":53,"column":3}},"type":"if","locations":[{"start":{"line":45,"column":9},"end":{"line":53,"column":3}},{"start":{"line":48,"column":9},"end":{"line":53,"column":3}}],"line":45},"3":{"loc":{"start":{"line":45,"column":13},"end":{"line":45,"column":83}},"type":"binary-expr","locations":[{"start":{"line":45,"column":14},"end":{"line":45,"column":40}},{"start":{"line":45,"column":44},"end":{"line":45,"column":70}},{"start":{"line":45,"column":75},"end":{"line":45,"column":83}}],"line":45},"4":{"loc":{"start":{"line":48,"column":9},"end":{"line":53,"column":3}},"type":"if","locations":[{"start":{"line":48,"column":9},"end":{"line":53,"column":3}},{"start":{"line":51,"column":8},"end":{"line":53,"column":3}}],"line":48},"5":{"loc":{"start":{"line":48,"column":13},"end":{"line":48,"column":113}},"type":"binary-expr","locations":[{"start":{"line":48,"column":14},"end":{"line":48,"column":40}},{"start":{"line":48,"column":44},"end":{"line":48,"column":70}},{"start":{"line":48,"column":74},"end":{"line":48,"column":99}},{"start":{"line":48,"column":104},"end":{"line":48,"column":113}}],"line":48},"6":{"loc":{"start":{"line":51,"column":8},"end":{"line":53,"column":3}},"type":"if","locations":[{"start":{"line":51,"column":8},"end":{"line":53,"column":3}},{"start":{},"end":{}}],"line":51},"7":{"loc":{"start":{"line":51,"column":12},"end":{"line":51,"column":52}},"type":"binary-expr","locations":[{"start":{"line":51,"column":12},"end":{"line":51,"column":40}},{"start":{"line":51,"column":44},"end":{"line":51,"column":52}}],"line":51},"8":{"loc":{"start":{"line":56,"column":2},"end":{"line":65,"column":5}},"type":"if","locations":[{"start":{"line":56,"column":2},"end":{"line":65,"column":5}},{"start":{"line":61,"column":9},"end":{"line":65,"column":5}}],"line":56},"9":{"loc":{"start":{"line":56,"column":6},"end":{"line":56,"column":86}},"type":"binary-expr","locations":[{"start":{"line":56,"column":6},"end":{"line":56,"column":25}},{"start":{"line":56,"column":29},"end":{"line":56,"column":54}},{"start":{"line":56,"column":58},"end":{"line":56,"column":86}}],"line":56},"10":{"loc":{"start":{"line":61,"column":9},"end":{"line":65,"column":5}},"type":"if","locations":[{"start":{"line":61,"column":9},"end":{"line":65,"column":5}},{"start":{"line":63,"column":9},"end":{"line":65,"column":5}}],"line":61},"11":{"loc":{"start":{"line":63,"column":9},"end":{"line":65,"column":5}},"type":"if","locations":[{"start":{"line":63,"column":9},"end":{"line":65,"column":5}},{"start":{},"end":{}}],"line":63},"12":{"loc":{"start":{"line":71,"column":39},"end":{"line":71,"column":99}},"type":"cond-expr","locations":[{"start":{"line":71,"column":51},"end":{"line":71,"column":91}},{"start":{"line":71,"column":94},"end":{"line":71,"column":98}}],"line":71}},"s":{"0":1,"1":1,"2":1,"3":1,"4":1,"5":1,"6":1,"7":1,"8":0,"9":0,"10":0,"11":0,"12":0,"13":0,"14":1,"15":0,"16":1,"17":0,"18":0,"19":1,"20":1,"21":0,"22":0,"23":0,"24":0,"25":0,"26":0,"27":1,"28":1,"29":0,"30":0,"31":0,"32":0,"33":1},"f":{"0":1,"1":0,"2":0,"3":0},"b":{"0":[0,0],"1":[1,0],"2":[0,0],"3":[0,0,0],"4":[0,0],"5":[0,0,0,0],"6":[0,0],"7":[0,0],"8":[1,0],"9":[1,0,0],"10":[0,0],"11":[0,0],"12":[0,1]},"_coverageSchema":"1a1c01bbd47fc00a2c39e90264f33305004495a9","hash":"3644e40960ac38f871bd6618fc37def7488b4ef5"}
,"/Users/das/Desktop/CodeSmith/Weight Tracker/src/components/Signup.jsx": {"path":"/Users/das/Desktop/CodeSmith/Weight Tracker/src/components/Signup.jsx","statementMap":{"0":{"start":{"line":6,"column":22},"end":{"line":168,"column":1}},"1":{"start":{"line":9,"column":32},"end":{"line":9,"column":55}},"2":{"start":{"line":10,"column":38},"end":{"line":10,"column":62}},"3":{"start":{"line":11,"column":36},"end":{"line":11,"column":63}},"4":{"start":{"line":13,"column":34},"end":{"line":13,"column":46}},"5":{"start":{"line":14,"column":34},"end":{"line":14,"column":46}},"6":{"start":{"line":15,"column":30},"end":{"line":15,"column":42}},"7":{"start":{"line":16,"column":30},"end":{"line":16,"column":42}},"8":{"start":{"line":17,"column":30},"end":{"line":17,"column":42}},"9":{"start":{"line":18,"column":26},"end":{"line":18,"column":38}},"10":{"start":{"line":19,"column":31},"end":{"line":19,"column":48}},"11":{"start":{"line":20,"column":19},"end":{"line":20,"column":32}},"12":{"start":{"line":21,"column":20},"end":{"line":21,"column":22}},"13":{"start":{"line":23,"column":2},"end":{"line":30,"column":5}},"14":{"start":{"line":26,"column":4},"end":{"line":29,"column":5}},"15":{"start":{"line":28,"column":6},"end":{"line":28,"column":36}},"16":{"start":{"line":32,"column":2},"end":{"line":50,"column":3}},"17":{"start":{"line":33,"column":6},"end":{"line":40,"column":5}},"18":{"start":{"line":42,"column":4},"end":{"line":49,"column":5}},"19":{"start":{"line":52,"column":23},"end":{"line":70,"column":3}},"20":{"start":{"line":53,"column":4},"end":{"line":69,"column":52}},"21":{"start":{"line":58,"column":18},"end":{"line":58,"column":29}},"22":{"start":{"line":60,"column":6},"end":{"line":60,"column":45}},"23":{"start":{"line":61,"column":6},"end":{"line":67,"column":7}},"24":{"start":{"line":62,"column":8},"end":{"line":62,"column":50}},"25":{"start":{"line":64,"column":8},"end":{"line":64,"column":22}},"26":{"start":{"line":65,"column":8},"end":{"line":65,"column":27}},"27":{"start":{"line":66,"column":8},"end":{"line":66,"column":30}},"28":{"start":{"line":69,"column":16},"end":{"line":69,"column":51}},"29":{"start":{"line":72,"column":2},"end":{"line":167,"column":3}},"30":{"start":{"line":85,"column":37},"end":{"line":85,"column":62}},"31":{"start":{"line":94,"column":79},"end":{"line":94,"column":104}},"32":{"start":{"line":99,"column":79},"end":{"line":99,"column":104}},"33":{"start":{"line":104,"column":76},"end":{"line":104,"column":99}},"34":{"start":{"line":121,"column":60},"end":{"line":121,"column":87}},"35":{"start":{"line":127,"column":64},"end":{"line":127,"column":91}},"36":{"start":{"line":133,"column":35},"end":{"line":133,"column":60}},"37":{"start":{"line":145,"column":77},"end":{"line":145,"column":102}},"38":{"start":{"line":151,"column":77},"end":{"line":151,"column":102}},"39":{"start":{"line":157,"column":74},"end":{"line":157,"column":97}}},"fnMap":{"0":{"name":"(anonymous_0)","decl":{"start":{"line":6,"column":22},"end":{"line":6,"column":23}},"loc":{"start":{"line":6,"column":28},"end":{"line":168,"column":1}},"line":6},"1":{"name":"(anonymous_1)","decl":{"start":{"line":23,"column":12},"end":{"line":23,"column":13}},"loc":{"start":{"line":23,"column":18},"end":{"line":30,"column":3}},"line":23},"2":{"name":"(anonymous_2)","decl":{"start":{"line":52,"column":23},"end":{"line":52,"column":24}},"loc":{"start":{"line":52,"column":29},"end":{"line":70,"column":3}},"line":52},"3":{"name":"(anonymous_3)","decl":{"start":{"line":58,"column":10},"end":{"line":58,"column":11}},"loc":{"start":{"line":58,"column":18},"end":{"line":58,"column":29}},"line":58},"4":{"name":"(anonymous_4)","decl":{"start":{"line":59,"column":10},"end":{"line":59,"column":11}},"loc":{"start":{"line":59,"column":18},"end":{"line":68,"column":5}},"line":59},"5":{"name":"(anonymous_5)","decl":{"start":{"line":69,"column":11},"end":{"line":69,"column":12}},"loc":{"start":{"line":69,"column":16},"end":{"line":69,"column":51}},"line":69},"6":{"name":"(anonymous_6)","decl":{"start":{"line":85,"column":30},"end":{"line":85,"column":31}},"loc":{"start":{"line":85,"column":37},"end":{"line":85,"column":62}},"line":85},"7":{"name":"(anonymous_7)","decl":{"start":{"line":94,"column":74},"end":{"line":94,"column":75}},"loc":{"start":{"line":94,"column":79},"end":{"line":94,"column":104}},"line":94},"8":{"name":"(anonymous_8)","decl":{"start":{"line":99,"column":74},"end":{"line":99,"column":75}},"loc":{"start":{"line":99,"column":79},"end":{"line":99,"column":104}},"line":99},"9":{"name":"(anonymous_9)","decl":{"start":{"line":104,"column":71},"end":{"line":104,"column":72}},"loc":{"start":{"line":104,"column":76},"end":{"line":104,"column":99}},"line":104},"10":{"name":"(anonymous_10)","decl":{"start":{"line":121,"column":55},"end":{"line":121,"column":56}},"loc":{"start":{"line":121,"column":60},"end":{"line":121,"column":87}},"line":121},"11":{"name":"(anonymous_11)","decl":{"start":{"line":127,"column":59},"end":{"line":127,"column":60}},"loc":{"start":{"line":127,"column":64},"end":{"line":127,"column":91}},"line":127},"12":{"name":"(anonymous_12)","decl":{"start":{"line":133,"column":28},"end":{"line":133,"column":29}},"loc":{"start":{"line":133,"column":35},"end":{"line":133,"column":60}},"line":133},"13":{"name":"(anonymous_13)","decl":{"start":{"line":145,"column":72},"end":{"line":145,"column":73}},"loc":{"start":{"line":145,"column":77},"end":{"line":145,"column":102}},"line":145},"14":{"name":"(anonymous_14)","decl":{"start":{"line":151,"column":72},"end":{"line":151,"column":73}},"loc":{"start":{"line":151,"column":77},"end":{"line":151,"column":102}},"line":151},"15":{"name":"(anonymous_15)","decl":{"start":{"line":157,"column":69},"end":{"line":157,"column":70}},"loc":{"start":{"line":157,"column":74},"end":{"line":157,"column":97}},"line":157}},"branchMap":{"0":{"loc":{"start":{"line":26,"column":4},"end":{"line":29,"column":5}},"type":"if","locations":[{"start":{"line":26,"column":4},"end":{"line":29,"column":5}},{"start":{},"end":{}}],"line":26},"1":{"loc":{"start":{"line":32,"column":2},"end":{"line":50,"column":3}},"type":"if","locations":[{"start":{"line":32,"column":2},"end":{"line":50,"column":3}},{"start":{"line":41,"column":9},"end":{"line":50,"column":3}}],"line":32},"2":{"loc":{"start":{"line":61,"column":6},"end":{"line":67,"column":7}},"type":"if","locations":[{"start":{"line":61,"column":6},"end":{"line":67,"column":7}},{"start":{"line":63,"column":13},"end":{"line":67,"column":7}}],"line":61},"3":{"loc":{"start":{"line":75,"column":7},"end":{"line":165,"column":7}},"type":"cond-expr","locations":[{"start":{"line":76,"column":8},"end":{"line":111,"column":14}},{"start":{"line":113,"column":8},"end":{"line":164,"column":14}}],"line":75}},"s":{"0":1,"1":0,"2":0,"3":0,"4":0,"5":0,"6":0,"7":0,"8":0,"9":0,"10":0,"11":0,"12":0,"13":0,"14":0,"15":0,"16":0,"17":0,"18":0,"19":0,"20":0,"21":0,"22":0,"23":0,"24":0,"25":0,"26":0,"27":0,"28":0,"29":0,"30":0,"31":0,"32":0,"33":0,"34":0,"35":0,"36":0,"37":0,"38":0,"39":0},"f":{"0":0,"1":0,"2":0,"3":0,"4":0,"5":0,"6":0,"7":0,"8":0,"9":0,"10":0,"11":0,"12":0,"13":0,"14":0,"15":0},"b":{"0":[0,0],"1":[0,0],"2":[0,0],"3":[0,0]},"_coverageSchema":"1a1c01bbd47fc00a2c39e90264f33305004495a9","hash":"cb70512ed0581eeaeeafc0bfcfc1f04739ffbf4d"}
,"/Users/das/Desktop/CodeSmith/Weight Tracker/src/components/Weight2.jsx": {"path":"/Users/das/Desktop/CodeSmith/Weight Tracker/src/components/Weight2.jsx","statementMap":{"0":{"start":{"line":3,"column":15},"end":{"line":21,"column":1}},"1":{"start":{"line":5,"column":25},"end":{"line":8,"column":3}},"2":{"start":{"line":6,"column":4},"end":{"line":6,"column":27}},"3":{"start":{"line":7,"column":4},"end":{"line":7,"column":25}},"4":{"start":{"line":10,"column":4},"end":{"line":20,"column":4}}},"fnMap":{"0":{"name":"(anonymous_0)","decl":{"start":{"line":3,"column":15},"end":{"line":3,"column":16}},"loc":{"start":{"line":3,"column":45},"end":{"line":21,"column":1}},"line":3},"1":{"name":"(anonymous_1)","decl":{"start":{"line":5,"column":25},"end":{"line":5,"column":26}},"loc":{"start":{"line":5,"column":34},"end":{"line":8,"column":3}},"line":5}},"branchMap":{},"s":{"0":0,"1":0,"2":0,"3":0,"4":0},"f":{"0":0,"1":0},"b":{}}
,"/Users/das/Desktop/CodeSmith/Weight Tracker/src/components/Welcome.jsx": {"path":"/Users/das/Desktop/CodeSmith/Weight Tracker/src/components/Welcome.jsx","statementMap":{"0":{"start":{"line":16,"column":16},"end":{"line":62,"column":1}},"1":{"start":{"line":18,"column":2},"end":{"line":61,"column":3}}},"fnMap":{"0":{"name":"(anonymous_0)","decl":{"start":{"line":16,"column":16},"end":{"line":16,"column":17}},"loc":{"start":{"line":16,"column":22},"end":{"line":62,"column":1}},"line":16}},"branchMap":{},"s":{"0":1,"1":1},"f":{"0":1},"b":{},"_coverageSchema":"1a1c01bbd47fc00a2c39e90264f33305004495a9","hash":"e4aad6311e62929e93959cbc20135688f5281e28"}
,"/Users/das/Desktop/CodeSmith/Weight Tracker/src/components/WklyHistory2.jsx": {"path":"/Users/das/Desktop/CodeSmith/Weight Tracker/src/components/WklyHistory2.jsx","statementMap":{"0":{"start":{"line":6,"column":20},"end":{"line":41,"column":1}},"1":{"start":{"line":12,"column":18},"end":{"line":12,"column":55}},"2":{"start":{"line":13,"column":36},"end":{"line":13,"column":63}},"3":{"start":{"line":19,"column":2},"end":{"line":23,"column":3}},"4":{"start":{"line":20,"column":4},"end":{"line":20,"column":36}},"5":{"start":{"line":21,"column":4},"end":{"line":21,"column":36}},"6":{"start":{"line":22,"column":4},"end":{"line":22,"column":65}},"7":{"start":{"line":25,"column":2},"end":{"line":40,"column":3}},"8":{"start":{"line":32,"column":10},"end":{"line":36,"column":16}},"9":{"start":{"line":33,"column":47},"end":{"line":33,"column":74}}},"fnMap":{"0":{"name":"(anonymous_0)","decl":{"start":{"line":6,"column":20},"end":{"line":6,"column":21}},"loc":{"start":{"line":6,"column":56},"end":{"line":41,"column":1}},"line":6},"1":{"name":"(anonymous_1)","decl":{"start":{"line":31,"column":24},"end":{"line":31,"column":25}},"loc":{"start":{"line":32,"column":10},"end":{"line":36,"column":16}},"line":32},"2":{"name":"(anonymous_2)","decl":{"start":{"line":33,"column":41},"end":{"line":33,"column":42}},"loc":{"start":{"line":33,"column":47},"end":{"line":33,"column":74}},"line":33}},"branchMap":{"0":{"loc":{"start":{"line":19,"column":2},"end":{"line":23,"column":3}},"type":"if","locations":[{"start":{"line":19,"column":2},"end":{"line":23,"column":3}},{"start":{},"end":{}}],"line":19}},"s":{"0":0,"1":0,"2":0,"3":0,"4":0,"5":0,"6":0,"7":0,"8":0,"9":0},"f":{"0":0,"1":0,"2":0},"b":{"0":[0,0]}}
,"/Users/das/Desktop/CodeSmith/Weight Tracker/src/misc/App.jsx": {"path":"/Users/das/Desktop/CodeSmith/Weight Tracker/src/misc/App.jsx","statementMap":{"0":{"start":{"line":4,"column":12},"end":{"line":8,"column":1}},"1":{"start":{"line":5,"column":2},"end":{"line":7,"column":3}}},"fnMap":{"0":{"name":"(anonymous_0)","decl":{"start":{"line":4,"column":12},"end":{"line":4,"column":13}},"loc":{"start":{"line":4,"column":18},"end":{"line":8,"column":1}},"line":4}},"branchMap":{},"s":{"0":0,"1":0},"f":{"0":0},"b":{}}
,"/Users/das/Desktop/CodeSmith/Weight Tracker/src/misc/Chart.jsx": {"path":"/Users/das/Desktop/CodeSmith/Weight Tracker/src/misc/Chart.jsx","statementMap":{"0":{"start":{"line":5,"column":14},"end":{"line":18,"column":1}},"1":{"start":{"line":23,"column":4},"end":{"line":32,"column":6}}},"fnMap":{"0":{"name":"(anonymous_0)","decl":{"start":{"line":22,"column":2},"end":{"line":22,"column":3}},"loc":{"start":{"line":22,"column":11},"end":{"line":33,"column":3}},"line":22}},"branchMap":{},"s":{"0":0,"1":0},"f":{"0":0},"b":{}}
,"/Users/das/Desktop/CodeSmith/Weight Tracker/src/misc/Homepage.jsx": {"path":"/Users/das/Desktop/CodeSmith/Weight Tracker/src/misc/Homepage.jsx","statementMap":{"0":{"start":{"line":8,"column":17},"end":{"line":21,"column":4}},"1":{"start":{"line":9,"column":40},"end":{"line":9,"column":52}},"2":{"start":{"line":11,"column":2},"end":{"line":21,"column":3}}},"fnMap":{"0":{"name":"(anonymous_0)","decl":{"start":{"line":8,"column":17},"end":{"line":8,"column":18}},"loc":{"start":{"line":8,"column":23},"end":{"line":21,"column":4}},"line":8}},"branchMap":{},"s":{"0":0,"1":0,"2":0},"f":{"0":0},"b":{}}
,"/Users/das/Desktop/CodeSmith/Weight Tracker/src/misc/Weight.jsx": {"path":"/Users/das/Desktop/CodeSmith/Weight Tracker/src/misc/Weight.jsx","statementMap":{"0":{"start":{"line":5,"column":15},"end":{"line":45,"column":1}},"1":{"start":{"line":7,"column":40},"end":{"line":7,"column":52}},"2":{"start":{"line":10,"column":21},"end":{"line":14,"column":5}},"3":{"start":{"line":12,"column":20},"end":{"line":12,"column":34}},"4":{"start":{"line":13,"column":6},"end":{"line":13,"column":28}},"5":{"start":{"line":17,"column":22},"end":{"line":33,"column":3}},"6":{"start":{"line":22,"column":4},"end":{"line":32,"column":5}},"7":{"start":{"line":23,"column":6},"end":{"line":31,"column":66}},"8":{"start":{"line":29,"column":22},"end":{"line":29,"column":33}},"9":{"start":{"line":30,"column":22},"end":{"line":30,"column":52}},"10":{"start":{"line":31,"column":22},"end":{"line":31,"column":65}},"11":{"start":{"line":35,"column":2},"end":{"line":44,"column":4}}},"fnMap":{"0":{"name":"(anonymous_0)","decl":{"start":{"line":5,"column":15},"end":{"line":5,"column":16}},"loc":{"start":{"line":5,"column":21},"end":{"line":45,"column":1}},"line":5},"1":{"name":"(anonymous_1)","decl":{"start":{"line":10,"column":21},"end":{"line":10,"column":22}},"loc":{"start":{"line":10,"column":28},"end":{"line":14,"column":5}},"line":10},"2":{"name":"(anonymous_2)","decl":{"start":{"line":17,"column":22},"end":{"line":17,"column":23}},"loc":{"start":{"line":17,"column":28},"end":{"line":33,"column":3}},"line":17},"3":{"name":"(anonymous_3)","decl":{"start":{"line":29,"column":14},"end":{"line":29,"column":15}},"loc":{"start":{"line":29,"column":22},"end":{"line":29,"column":33}},"line":29},"4":{"name":"(anonymous_4)","decl":{"start":{"line":30,"column":14},"end":{"line":30,"column":15}},"loc":{"start":{"line":30,"column":22},"end":{"line":30,"column":52}},"line":30},"5":{"name":"(anonymous_5)","decl":{"start":{"line":31,"column":15},"end":{"line":31,"column":16}},"loc":{"start":{"line":31,"column":22},"end":{"line":31,"column":65}},"line":31}},"branchMap":{"0":{"loc":{"start":{"line":22,"column":4},"end":{"line":32,"column":5}},"type":"if","locations":[{"start":{"line":22,"column":4},"end":{"line":32,"column":5}},{"start":{},"end":{}}],"line":22}},"s":{"0":0,"1":0,"2":0,"3":0,"4":0,"5":0,"6":0,"7":0,"8":0,"9":0,"10":0,"11":0},"f":{"0":0,"1":0,"2":0,"3":0,"4":0,"5":0},"b":{"0":[0,0]}}
,"/Users/das/Desktop/CodeSmith/Weight Tracker/src/misc/WklyHistory.jsx": {"path":"/Users/das/Desktop/CodeSmith/Weight Tracker/src/misc/WklyHistory.jsx","statementMap":{"0":{"start":{"line":3,"column":20},"end":{"line":68,"column":1}},"1":{"start":{"line":4,"column":42},"end":{"line":4,"column":52}},"2":{"start":{"line":7,"column":20},"end":{"line":14,"column":5}},"3":{"start":{"line":8,"column":8},"end":{"line":13,"column":66}},"4":{"start":{"line":9,"column":19},"end":{"line":9,"column":29}},"5":{"start":{"line":11,"column":12},"end":{"line":11,"column":34}},"6":{"start":{"line":13,"column":22},"end":{"line":13,"column":65}},"7":{"start":{"line":16,"column":4},"end":{"line":18,"column":9}},"8":{"start":{"line":17,"column":8},"end":{"line":17,"column":18}},"9":{"start":{"line":36,"column":26},"end":{"line":48,"column":3}},"10":{"start":{"line":39,"column":6},"end":{"line":46,"column":66}},"11":{"start":{"line":44,"column":22},"end":{"line":44,"column":33}},"12":{"start":{"line":45,"column":22},"end":{"line":45,"column":52}},"13":{"start":{"line":46,"column":22},"end":{"line":46,"column":65}},"14":{"start":{"line":50,"column":4},"end":{"line":67,"column":5}},"15":{"start":{"line":55,"column":16},"end":{"line":61,"column":22}},"16":{"start":{"line":58,"column":55},"end":{"line":58,"column":82}}},"fnMap":{"0":{"name":"(anonymous_0)","decl":{"start":{"line":3,"column":20},"end":{"line":3,"column":21}},"loc":{"start":{"line":3,"column":26},"end":{"line":68,"column":1}},"line":3},"1":{"name":"(anonymous_1)","decl":{"start":{"line":7,"column":20},"end":{"line":7,"column":21}},"loc":{"start":{"line":7,"column":32},"end":{"line":14,"column":5}},"line":7},"2":{"name":"(anonymous_2)","decl":{"start":{"line":9,"column":14},"end":{"line":9,"column":15}},"loc":{"start":{"line":9,"column":19},"end":{"line":9,"column":29}},"line":9},"3":{"name":"(anonymous_3)","decl":{"start":{"line":10,"column":14},"end":{"line":10,"column":15}},"loc":{"start":{"line":10,"column":24},"end":{"line":12,"column":9}},"line":10},"4":{"name":"(anonymous_4)","decl":{"start":{"line":13,"column":15},"end":{"line":13,"column":16}},"loc":{"start":{"line":13,"column":22},"end":{"line":13,"column":65}},"line":13},"5":{"name":"(anonymous_5)","decl":{"start":{"line":16,"column":14},"end":{"line":16,"column":15}},"loc":{"start":{"line":16,"column":20},"end":{"line":18,"column":5}},"line":16},"6":{"name":"(anonymous_6)","decl":{"start":{"line":36,"column":26},"end":{"line":36,"column":27}},"loc":{"start":{"line":36,"column":40},"end":{"line":48,"column":3}},"line":36},"7":{"name":"(anonymous_7)","decl":{"start":{"line":44,"column":14},"end":{"line":44,"column":15}},"loc":{"start":{"line":44,"column":22},"end":{"line":44,"column":33}},"line":44},"8":{"name":"(anonymous_8)","decl":{"start":{"line":45,"column":14},"end":{"line":45,"column":15}},"loc":{"start":{"line":45,"column":22},"end":{"line":45,"column":52}},"line":45},"9":{"name":"(anonymous_9)","decl":{"start":{"line":46,"column":15},"end":{"line":46,"column":16}},"loc":{"start":{"line":46,"column":22},"end":{"line":46,"column":65}},"line":46},"10":{"name":"(anonymous_10)","decl":{"start":{"line":54,"column":30},"end":{"line":54,"column":31}},"loc":{"start":{"line":55,"column":16},"end":{"line":61,"column":22}},"line":55},"11":{"name":"(anonymous_11)","decl":{"start":{"line":58,"column":49},"end":{"line":58,"column":50}},"loc":{"start":{"line":58,"column":55},"end":{"line":58,"column":82}},"line":58}},"branchMap":{},"s":{"0":0,"1":0,"2":0,"3":0,"4":0,"5":0,"6":0,"7":0,"8":0,"9":0,"10":0,"11":0,"12":0,"13":0,"14":0,"15":0,"16":0},"f":{"0":0,"1":0,"2":0,"3":0,"4":0,"5":0,"6":0,"7":0,"8":0,"9":0,"10":0,"11":0},"b":{}}
,"/Users/das/Desktop/CodeSmith/Weight Tracker/src/misc/userController2.js": {"path":"/Users/das/Desktop/CodeSmith/Weight Tracker/src/misc/userController2.js","statementMap":{"0":{"start":{"line":1,"column":11},"end":{"line":1,"column":51}},"1":{"start":{"line":4,"column":23},"end":{"line":4,"column":25}},"2":{"start":{"line":6,"column":0},"end":{"line":16,"column":2}},"3":{"start":{"line":7,"column":33},"end":{"line":7,"column":41}},"4":{"start":{"line":8,"column":15},"end":{"line":8,"column":64}},"5":{"start":{"line":9,"column":2},"end":{"line":14,"column":4}},"6":{"start":{"line":11,"column":6},"end":{"line":11,"column":40}},"7":{"start":{"line":18,"column":0},"end":{"line":18,"column":21}},"8":{"start":{"line":24,"column":0},"end":{"line":43,"column":1}},"9":{"start":{"line":26,"column":21},"end":{"line":26,"column":29}},"10":{"start":{"line":30,"column":16},"end":{"line":30,"column":77}},"11":{"start":{"line":31,"column":2},"end":{"line":42,"column":7}},"12":{"start":{"line":33,"column":6},"end":{"line":33,"column":39}},"13":{"start":{"line":34,"column":6},"end":{"line":34,"column":37}},"14":{"start":{"line":35,"column":6},"end":{"line":35,"column":19}},"15":{"start":{"line":38,"column":6},"end":{"line":41,"column":8}},"16":{"start":{"line":45,"column":0},"end":{"line":64,"column":1}},"17":{"start":{"line":47,"column":17},"end":{"line":47,"column":25}},"18":{"start":{"line":51,"column":16},"end":{"line":51,"column":60}},"19":{"start":{"line":52,"column":2},"end":{"line":63,"column":7}},"20":{"start":{"line":54,"column":6},"end":{"line":54,"column":39}},"21":{"start":{"line":55,"column":6},"end":{"line":55,"column":37}},"22":{"start":{"line":56,"column":6},"end":{"line":56,"column":19}},"23":{"start":{"line":59,"column":6},"end":{"line":62,"column":8}},"24":{"start":{"line":66,"column":0},"end":{"line":88,"column":2}},"25":{"start":{"line":75,"column":16},"end":{"line":75,"column":70}},"26":{"start":{"line":76,"column":2},"end":{"line":87,"column":7}},"27":{"start":{"line":79,"column":6},"end":{"line":79,"column":37}},"28":{"start":{"line":80,"column":6},"end":{"line":80,"column":19}},"29":{"start":{"line":83,"column":6},"end":{"line":86,"column":8}},"30":{"start":{"line":90,"column":0},"end":{"line":90,"column":32}}},"fnMap":{"0":{"name":"(anonymous_0)","decl":{"start":{"line":6,"column":23},"end":{"line":6,"column":24}},"loc":{"start":{"line":6,"column":43},"end":{"line":16,"column":2}},"line":6},"1":{"name":"(anonymous_1)","decl":{"start":{"line":10,"column":10},"end":{"line":10,"column":11}},"loc":{"start":{"line":10,"column":18},"end":{"line":14,"column":3}},"line":10},"2":{"name":"(anonymous_2)","decl":{"start":{"line":24,"column":29},"end":{"line":24,"column":30}},"loc":{"start":{"line":24,"column":49},"end":{"line":43,"column":1}},"line":24},"3":{"name":"(anonymous_3)","decl":{"start":{"line":32,"column":10},"end":{"line":32,"column":11}},"loc":{"start":{"line":32,"column":18},"end":{"line":36,"column":6}},"line":32},"4":{"name":"(anonymous_4)","decl":{"start":{"line":37,"column":11},"end":{"line":37,"column":12}},"loc":{"start":{"line":37,"column":18},"end":{"line":42,"column":6}},"line":37},"5":{"name":"(anonymous_5)","decl":{"start":{"line":45,"column":31},"end":{"line":45,"column":32}},"loc":{"start":{"line":45,"column":51},"end":{"line":64,"column":1}},"line":45},"6":{"name":"(anonymous_6)","decl":{"start":{"line":53,"column":10},"end":{"line":53,"column":11}},"loc":{"start":{"line":53,"column":18},"end":{"line":57,"column":6}},"line":53},"7":{"name":"(anonymous_7)","decl":{"start":{"line":58,"column":11},"end":{"line":58,"column":12}},"loc":{"start":{"line":58,"column":18},"end":{"line":63,"column":6}},"line":58},"8":{"name":"(anonymous_8)","decl":{"start":{"line":66,"column":31},"end":{"line":66,"column":32}},"loc":{"start":{"line":66,"column":51},"end":{"line":88,"column":1}},"line":66},"9":{"name":"(anonymous_9)","decl":{"start":{"line":77,"column":10},"end":{"line":77,"column":11}},"loc":{"start":{"line":77,"column":18},"end":{"line":81,"column":6}},"line":77},"10":{"name":"(anonymous_10)","decl":{"start":{"line":82,"column":11},"end":{"line":82,"column":12}},"loc":{"start":{"line":82,"column":18},"end":{"line":87,"column":6}},"line":82}},"branchMap":{},"s":{"0":0,"1":0,"2":0,"3":0,"4":0,"5":0,"6":0,"7":0,"8":0,"9":0,"10":0,"11":0,"12":0,"13":0,"14":0,"15":0,"16":0,"17":0,"18":0,"19":0,"20":0,"21":0,"22":0,"23":0,"24":0,"25":0,"26":0,"27":0,"28":0,"29":0,"30":0},"f":{"0":0,"1":0,"2":0,"3":0,"4":0,"5":0,"6":0,"7":0,"8":0,"9":0,"10":0},"b":{}}
,"/Users/das/Desktop/CodeSmith/Weight Tracker/src/misc/userController3.js": {"path":"/Users/das/Desktop/CodeSmith/Weight Tracker/src/misc/userController3.js","statementMap":{"0":{"start":{"line":1,"column":11},"end":{"line":1,"column":51}},"1":{"start":{"line":4,"column":23},"end":{"line":4,"column":25}},"2":{"start":{"line":6,"column":0},"end":{"line":16,"column":2}},"3":{"start":{"line":7,"column":33},"end":{"line":7,"column":41}},"4":{"start":{"line":8,"column":15},"end":{"line":8,"column":64}},"5":{"start":{"line":9,"column":2},"end":{"line":14,"column":4}},"6":{"start":{"line":11,"column":6},"end":{"line":11,"column":40}},"7":{"start":{"line":18,"column":0},"end":{"line":18,"column":21}},"8":{"start":{"line":24,"column":0},"end":{"line":43,"column":1}},"9":{"start":{"line":26,"column":21},"end":{"line":26,"column":29}},"10":{"start":{"line":30,"column":16},"end":{"line":30,"column":77}},"11":{"start":{"line":31,"column":2},"end":{"line":42,"column":7}},"12":{"start":{"line":33,"column":6},"end":{"line":33,"column":39}},"13":{"start":{"line":34,"column":6},"end":{"line":34,"column":37}},"14":{"start":{"line":35,"column":6},"end":{"line":35,"column":19}},"15":{"start":{"line":38,"column":6},"end":{"line":41,"column":8}},"16":{"start":{"line":45,"column":0},"end":{"line":64,"column":1}},"17":{"start":{"line":47,"column":17},"end":{"line":47,"column":25}},"18":{"start":{"line":51,"column":16},"end":{"line":51,"column":60}},"19":{"start":{"line":52,"column":2},"end":{"line":63,"column":7}},"20":{"start":{"line":54,"column":6},"end":{"line":54,"column":39}},"21":{"start":{"line":55,"column":6},"end":{"line":55,"column":37}},"22":{"start":{"line":56,"column":6},"end":{"line":56,"column":19}},"23":{"start":{"line":59,"column":6},"end":{"line":62,"column":8}},"24":{"start":{"line":66,"column":0},"end":{"line":88,"column":2}},"25":{"start":{"line":75,"column":16},"end":{"line":75,"column":70}},"26":{"start":{"line":76,"column":2},"end":{"line":87,"column":7}},"27":{"start":{"line":79,"column":6},"end":{"line":79,"column":37}},"28":{"start":{"line":80,"column":6},"end":{"line":80,"column":19}},"29":{"start":{"line":83,"column":6},"end":{"line":86,"column":8}},"30":{"start":{"line":90,"column":0},"end":{"line":90,"column":32}}},"fnMap":{"0":{"name":"(anonymous_0)","decl":{"start":{"line":6,"column":23},"end":{"line":6,"column":24}},"loc":{"start":{"line":6,"column":43},"end":{"line":16,"column":2}},"line":6},"1":{"name":"(anonymous_1)","decl":{"start":{"line":10,"column":10},"end":{"line":10,"column":11}},"loc":{"start":{"line":10,"column":18},"end":{"line":14,"column":3}},"line":10},"2":{"name":"(anonymous_2)","decl":{"start":{"line":24,"column":29},"end":{"line":24,"column":30}},"loc":{"start":{"line":24,"column":49},"end":{"line":43,"column":1}},"line":24},"3":{"name":"(anonymous_3)","decl":{"start":{"line":32,"column":10},"end":{"line":32,"column":11}},"loc":{"start":{"line":32,"column":18},"end":{"line":36,"column":6}},"line":32},"4":{"name":"(anonymous_4)","decl":{"start":{"line":37,"column":11},"end":{"line":37,"column":12}},"loc":{"start":{"line":37,"column":18},"end":{"line":42,"column":6}},"line":37},"5":{"name":"(anonymous_5)","decl":{"start":{"line":45,"column":31},"end":{"line":45,"column":32}},"loc":{"start":{"line":45,"column":51},"end":{"line":64,"column":1}},"line":45},"6":{"name":"(anonymous_6)","decl":{"start":{"line":53,"column":10},"end":{"line":53,"column":11}},"loc":{"start":{"line":53,"column":18},"end":{"line":57,"column":6}},"line":53},"7":{"name":"(anonymous_7)","decl":{"start":{"line":58,"column":11},"end":{"line":58,"column":12}},"loc":{"start":{"line":58,"column":18},"end":{"line":63,"column":6}},"line":58},"8":{"name":"(anonymous_8)","decl":{"start":{"line":66,"column":31},"end":{"line":66,"column":32}},"loc":{"start":{"line":66,"column":51},"end":{"line":88,"column":1}},"line":66},"9":{"name":"(anonymous_9)","decl":{"start":{"line":77,"column":10},"end":{"line":77,"column":11}},"loc":{"start":{"line":77,"column":18},"end":{"line":81,"column":6}},"line":77},"10":{"name":"(anonymous_10)","decl":{"start":{"line":82,"column":11},"end":{"line":82,"column":12}},"loc":{"start":{"line":82,"column":18},"end":{"line":87,"column":6}},"line":82}},"branchMap":{},"s":{"0":0,"1":0,"2":0,"3":0,"4":0,"5":0,"6":0,"7":0,"8":0,"9":0,"10":0,"11":0,"12":0,"13":0,"14":0,"15":0,"16":0,"17":0,"18":0,"19":0,"20":0,"21":0,"22":0,"23":0,"24":0,"25":0,"26":0,"27":0,"28":0,"29":0,"30":0},"f":{"0":0,"1":0,"2":0,"3":0,"4":0,"5":0,"6":0,"7":0,"8":0,"9":0,"10":0},"b":{}}
,"/Users/das/Desktop/CodeSmith/Weight Tracker/src/misc/routes/oauth.js": {"path":"/Users/das/Desktop/CodeSmith/Weight Tracker/src/misc/routes/oauth.js","statementMap":{},"fnMap":{},"branchMap":{},"s":{},"f":{},"b":{}}
}
